9/9/2024 11:16:13 AM There is already an open DataReader associated with this Connection which must be closed first.
9/9/2024 11:19:14 AM Object cannot be cast from DBNull to other types.
9/9/2024 11:20:05 AM Object cannot be cast from DBNull to other types.
9/9/2024 11:25:17 AM Object cannot be cast from DBNull to other types.
9/9/2024 7:44:22 PM Connection must be valid and open.
9/9/2024 7:44:22 PM Connection must be valid and open.
9/9/2024 7:44:23 PM Unable to connect to any of the specified MySQL hosts.
9/9/2024 7:44:39 PM Connection must be valid and open.
9/9/2024 7:44:49 PM Connection must be valid and open.
9/9/2024 7:44:49 PM Connection must be valid and open.
9/9/2024 7:44:51 PM Unable to connect to any of the specified MySQL hosts.
9/9/2024 7:45:04 PM Connection must be valid and open.
9/9/2024 7:45:15 PM Connection must be valid and open.
9/9/2024 7:45:15 PM Connection must be valid and open.
9/9/2024 7:45:16 PM Unable to connect to any of the specified MySQL hosts.
9/9/2024 7:45:17 PM Connection must be valid and open.
9/11/2024 3:58:33 PM Connection must be valid and open.
9/11/2024 8:59:45 PM 
9/11/2024 9:01:05 PM 
9/11/2024 9:01:09 PM 
9/11/2024 9:04:26 PM You have an error in your SQL syntax; check the manual that corresponds to your MariaDB server version for the right syntax to use near ''' at line 1
9/11/2024 9:05:49 PM You have an error in your SQL syntax; check the manual that corresponds to your MariaDB server version for the right syntax to use near '%'t'%' at line 1
9/11/2024 9:05:49 PM You have an error in your SQL syntax; check the manual that corresponds to your MariaDB server version for the right syntax to use near '%'te'%' at line 1
9/11/2024 9:05:50 PM You have an error in your SQL syntax; check the manual that corresponds to your MariaDB server version for the right syntax to use near '%'tes'%' at line 1
9/11/2024 9:05:50 PM You have an error in your SQL syntax; check the manual that corresponds to your MariaDB server version for the right syntax to use near '%'test'%' at line 1
9/11/2024 9:05:53 PM You have an error in your SQL syntax; check the manual that corresponds to your MariaDB server version for the right syntax to use near '%''%' at line 1
